<?xml version="1.0" encoding="UTF-8"?>
<!-- Generated by org.testng.reporters.JUnitReportReporter -->
<testsuite skipped="0" hostname="LAPTOP-2LR20BM8" name="basics_Automation.TestNgDemo" tests="1" failures="0" timestamp="2023-06-09T15:48:13 IST" time="5.245" errors="0">
  <testcase name="f" time="5.245" classname="basics_Automation.TestNgDemo"/>
  <system-out/>
</testsuite> <!-- basics_Automation.TestNgDemo -->
